#
# A fatal error has been detected by the Java Runtime Environment:
#
#  EXCEPTION_ACCESS_VIOLATION (0xc0000005) at pc=0x0000000002984f21, pid=6588, tid=0x00000000000016d0
#
# JRE version: Java(TM) SE Runtime Environment (8.0_101-b13) (build 1.8.0_101-b13)
# Java VM: Java HotSpot(TM) 64-Bit Server VM (25.101-b13 mixed mode windows-amd64 compressed oops)
# Problematic frame:
# j  java.lang.String.length()I+0
#
# Failed to write core dump. Minidumps are not enabled by default on client versions of Windows
#
# If you would like to submit a bug report, please visit:
#   http://bugreport.java.com/bugreport/crash.jsp
#

---------------  T H R E A D  ---------------

Current thread (0x000000000027e000):  JavaThread "main" [_thread_in_Java, id=5840, stack(0x0000000002590000,0x0000000002690000)]

siginfo: ExceptionCode=0xc0000005, reading address 0x00000000cab3041c

Registers:
RAX=0x00000000cab30410, RBX=0x00000000000000be, RCX=0x00000000551fd9d0, RDX=0x0000000000000004
RSP=0x000000000268d848, RBP=0x000000000268d888, RSI=0x000000001515e928, RDI=0x0000000001000021
R8 =0x0000000000000001, R9 =0x00000000eab03438, R10=0x0000000067145120, R11=0x000000000268d628
R12=0x0000000000000000, R13=0x0000000055153c0c, R14=0x000000000268d898, R15=0x000000000027e000
RIP=0x0000000002984f21, EFLAGS=0x0000000000010206

Top of Stack: (sp=0x000000000268d848)
0x000000000268d848:   000000000268d848 0000000055153c08
0x000000000268d858:   000000000268d898 00000000551fd9d0
0x000000000268d868:   0000000000000000 0000000055153c18
0x000000000268d878:   0000000000000000 000000000268d898
0x000000000268d888:   000000000268d8e0 0000000002967d80
0x000000000268d898:   00000000eab303f8 000000000268d8a0
0x000000000268d8a8:   00000000552a8ab1 000000000268d928
0x000000000268d8b8:   00000000552ac340 0000000000000000
0x000000000268d8c8:   00000000552a8b58 000000000268d898
0x000000000268d8d8:   000000000268d920 000000000268d988
0x000000000268d8e8:   00000000029680c0 0000000000000000
0x000000000268d8f8:   0000000000000000 0000000000000000
0x000000000268d908:   0000000000000000 0000000000000000
0x000000000268d918:   0000000000000000 00000000eab303f8
0x000000000268d928:   00000000eab2b520 00000000eab30250
0x000000000268d938:   00000000eab2b520 00000000eab43210 

Instructions: (pc=0x0000000002984f21)
0x0000000002984f01:   00 00 00 00 00 00 00 90 99 f2 66 00 00 00 00 be
0x0000000002984f11:   00 00 00 00 00 00 00 00 00 00 00 00 00 00 00 58
0x0000000002984f21:   8b 40 0c 41 0f b6 5d 01 49 ff c5 49 ba 20 31 14
0x0000000002984f31:   67 00 00 00 00 41 ff 24 da 66 0f 1f 44 00 00 40 


Register to memory mapping:

RAX=0x00000000cab30410 is an unallocated location in the heap
RBX=0x00000000000000be is an unknown value
RCX=0x00000000551fd9d0 is pointing into metadata
RDX=0x0000000000000004 is an unknown value
RSP=0x000000000268d848 is pointing into the stack for thread: 0x000000000027e000
RBP=0x000000000268d888 is pointing into the stack for thread: 0x000000000027e000
RSI=0x000000001515e928 is pointing into metadata
RDI=0x0000000001000021 is an unknown value
R8 =0x0000000000000001 is an unknown value
R9 =0x00000000eab03438 is an oop
java.lang.Class 
 - klass: 'java/lang/Class'
R10=0x0000000067145120 is an unknown value
R11=0x000000000268d628 is pointing into the stack for thread: 0x000000000027e000
R12=0x0000000000000000 is an unknown value
R13=0x0000000055153c0c is pointing into metadata
R14=0x000000000268d898 is pointing into the stack for thread: 0x000000000027e000
R15=0x000000000027e000 is a thread


Stack: [0x0000000002590000,0x0000000002690000],  sp=0x000000000268d848,  free space=1014k
Native frames: (J=compiled Java code, j=interpreted, Vv=VM code, C=native code)
C  0x0000000002984f21


---------------  P R O C E S S  ---------------

Java Threads: ( => current thread )
  0x0000000055b3f800 JavaThread "Finalizer" daemon [_thread_blocked, id=3124, stack(0x0000000057930000,0x0000000057a30000)]
  0x0000000055b39000 JavaThread "Reference Handler" daemon [_thread_blocked, id=6540, stack(0x0000000057c70000,0x0000000057d70000)]
=>0x000000000027e000 JavaThread "main" [_thread_in_Java, id=5840, stack(0x0000000002590000,0x0000000002690000)]

Other Threads:
  0x0000000056982000 VMThread [stack: 0x0000000057a80000,0x0000000057b80000] [id=1224]

VM state:not at safepoint (normal execution)

VM Mutex/Monitor currently owned by a thread: None

Heap:
 PSYoungGen      total 76288K, used 1310K [0x00000000eab00000, 0x00000000f0000000, 0x0000000100000000)
  eden space 65536K, 2% used [0x00000000eab00000,0x00000000eac47af0,0x00000000eeb00000)
  from space 10752K, 0% used [0x00000000ef580000,0x00000000ef580000,0x00000000f0000000)
  to   space 10752K, 0% used [0x00000000eeb00000,0x00000000eeb00000,0x00000000ef580000)
 ParOldGen       total 175104K, used 0K [0x00000000c0000000, 0x00000000cab00000, 0x00000000eab00000)
  object space 175104K, 0% used [0x00000000c0000000,0x00000000c0000000,0x00000000cab00000)
 Metaspace       used 1958K, capacity 4480K, committed 4480K, reserved 1056768K
  class space    used 217K, capacity 384K, committed 384K, reserved 1048576K

Card table byte_map: [0x0000000011d20000,0x0000000011f30000] byte_map_base: 0x0000000011720000

Marking Bits: (ParMarkBitMap*) 0x000000006715a6d0
 Begin Bits: [0x0000000012f50000, 0x0000000013f50000)
 End Bits:   [0x0000000013f50000, 0x0000000014f50000)

Polling page: 0x0000000000230000

CodeCache: size=245760Kb used=428Kb max_used=428Kb free=245332Kb
 bounds [0x0000000002960000, 0x0000000002bd0000, 0x0000000011960000]
 total_blobs=152 nmethods=0 adapters=119
 compilation: enabled

Compilation events (0 events):
No events

GC Heap History (0 events):
No events

Deoptimization events (0 events):
No events

Internal exceptions (2 events):
Event: 0.055 Thread 0x000000000027e000 Exception <a 'java/lang/NoSuchMethodError': Method sun.misc.Unsafe.defineClass(Ljava/lang/String;[BII)Ljava/lang/Class; name or signature does not match> (0x00000000eab07cc0) thrown at [C:\re\workspace\8-2-build-windows-amd64-cygwin\jdk8u101\7261\hotspot\sQ÷ÐZÛö«?
Event: 0.055 Thread 0x000000000027e000 Exception <a 'java/lang/NoSuchMethodError': Method sun.misc.Unsafe.prefetchRead(Ljava/lang/Object;J)V name or signature does not match> (0x00000000eab07fa8) thrown at [C:\re\workspace\8-2-build-windows-amd64-cygwin\jdk8u101\7261\hotspot\src\share\vm\prims\

Events (10 events):
Event: 0.140 loading class sun/util/locale/LocaleUtils
Event: 0.140 loading class sun/util/locale/LocaleUtils done
Event: 0.141 loading class java/lang/CharacterData
Event: 0.141 loading class java/lang/CharacterData done
Event: 0.141 loading class java/lang/CharacterDataLatin1
Event: 0.141 loading class java/lang/CharacterDataLatin1 done
Event: 0.142 loading class java/util/HashMap$TreeNode
Event: 0.143 loading class java/util/HashMap$TreeNode done
Event: 0.143 loading class java/io/FileInputStream$1
Event: 0.144 loading class java/io/FileInputStream$1 done


Dynamic libraries:
0x000000013fb40000 - 0x000000013fb77000 	C:\Program Files\Java\jdk1.8.0_101\bin\java.exe
0x0000000076f80000 - 0x000000007712a000 	C:\Windows\SYSTEM32\ntdll.dll
0x0000000076d60000 - 0x0000000076e7f000 	C:\Windows\system32\kernel32.dll
0x000007fefcd20000 - 0x000007fefcd8a000 	C:\Windows\system32\KERNELBASE.dll
0x000007fefdc20000 - 0x000007fefdcfb000 	C:\Windows\system32\ADVAPI32.dll
0x000007fefeac0000 - 0x000007fefeb5f000 	C:\Windows\system32\msvcrt.dll
0x000007fefd150000 - 0x000007fefd16f000 	C:\Windows\SYSTEM32\sechost.dll
0x000007fefd190000 - 0x000007fefd2bd000 	C:\Windows\system32\RPCRT4.dll
0x0000000076e80000 - 0x0000000076f7a000 	C:\Windows\system32\USER32.dll
0x000007feff040000 - 0x000007feff0a7000 	C:\Windows\system32\GDI32.dll
0x000007fefd2c0000 - 0x000007fefd2ce000 	C:\Windows\system32\LPK.dll
0x000007fefd080000 - 0x000007fefd14a000 	C:\Windows\system32\USP10.dll
0x000007fefb510000 - 0x000007fefb704000 	C:\Windows\WinSxS\amd64_microsoft.windows.common-controls_6595b64144ccf1df_6.0.7601.18837_none_fa3b1e3d17594757\COMCTL32.dll
0x000007fefdb00000 - 0x000007fefdb71000 	C:\Windows\system32\SHLWAPI.dll
0x000007fefea90000 - 0x000007fefeabe000 	C:\Windows\system32\IMM32.DLL
0x000007fefd5e0000 - 0x000007fefd6e9000 	C:\Windows\system32\MSCTF.dll
0x000000006a510000 - 0x000000006a5e2000 	C:\Program Files\Java\jdk1.8.0_101\jre\bin\msvcr100.dll
0x0000000066940000 - 0x00000000671da000 	C:\Program Files\Java\jdk1.8.0_101\jre\bin\server\jvm.dll
0x000007fef79c0000 - 0x000007fef79c9000 	C:\Windows\system32\WSOCK32.dll
0x000007feff0b0000 - 0x000007feff0fd000 	C:\Windows\system32\WS2_32.dll
0x000007fefd2d0000 - 0x000007fefd2d8000 	C:\Windows\system32\NSI.dll
0x000007fefad30000 - 0x000007fefad6b000 	C:\Windows\system32\WINMM.dll
0x000007fefbd90000 - 0x000007fefbd9c000 	C:\Windows\system32\VERSION.dll
0x0000000077140000 - 0x0000000077147000 	C:\Windows\system32\PSAPI.DLL
0x00000000734b0000 - 0x00000000734bf000 	C:\Program Files\Java\jdk1.8.0_101\jre\bin\verify.dll
0x000000006a000000 - 0x000000006a029000 	C:\Program Files\Java\jdk1.8.0_101\jre\bin\java.dll
0x000000006ea10000 - 0x000000006ea26000 	C:\Program Files\Java\jdk1.8.0_101\jre\bin\zip.dll
0x000007fefdd00000 - 0x000007fefea8c000 	C:\Windows\system32\SHELL32.dll
0x000007fefeb60000 - 0x000007fefed63000 	C:\Windows\system32\ole32.dll
0x000007fefccd0000 - 0x000007fefccdf000 	C:\Windows\system32\profapi.dll
0x000007fef4e10000 - 0x000007fef4f35000 	C:\Windows\system32\dbghelp.dll

VM Arguments:
jvm_args: -Djava.awt.headless=true -Xmx1024M -Dfile.encoding=windows-1252 -Duser.country=US -Duser.language=en -Duser.variant 
java_command: com.android.dx.command.Main --dex --force-jumbo --num-threads=4 --multi-dex --output D:\FMC\app\build\intermediates\transforms\dex\debug\folders\1000\10\instant-run-bootstrap_6aee1c4888e65bbf8266648988448e718ac2e94b D:\FMC\app\build\intermediates\incremental-classes\debug\instant-run-bootstrap.jar
java_class_path (initial): C:\Users\Shankar\AppData\Local\Android\sdk\build-tools\24.0.0\lib\dx.jar
Launcher Type: SUN_STANDARD

Environment Variables:
PATH=C:\ProgramData\Oracle\Java\javapath;C:\Program Files (x86)\Skype\Phone\;C:\Program Files\Common Files\Autodesk Shared\;C:\Program Files (x86)\Autodesk\Backburner\
USERNAME=Shankar
OS=Windows_NT
PROCESSOR_IDENTIFIER=AMD64 Family 21 Model 2 Stepping 0, AuthenticAMD



---------------  S Y S T E M  ---------------

OS: Windows 7 , 64 bit Build 7601 (6.1.7601.23418)

CPU:total 8 (8 cores per cpu, 1 threads per core) family 21 model 2 stepping 0, cmov, cx8, fxsr, mmx, sse, sse2, sse3, ssse3, sse4.1, sse4.2, popcnt, avx, aes, clmul, mmxext, 3dnowpref, lzcnt, sse4a, tsc, tscinvbit, tscinv, bmi1

Memory: 4k page, physical 16758328k(11586468k free), swap 33514796k(26535356k free)

vm_info: Java HotSpot(TM) 64-Bit Server VM (25.101-b13) for windows-amd64 JRE (1.8.0_101-b13), built on Jun 22 2016 01:21:29 by "java_re" with MS VC++ 10.0 (VS2010)

time: Thu Nov 03 22:57:45 2016
elapsed time: 0 seconds (0d 0h 0m 0s)

